0 info it worked if it ends with ok
1 verbose cli [ '/usr/bin/node', '/usr/bin/npm', 'publish' ]
2 info using npm@1.3.14
3 info using node@v0.10.22
4 verbose node symlink /usr/bin/node
5 verbose publish [ '.' ]
6 verbose cache add [ '.', null ]
7 verbose cache add name=undefined spec="." args=[".",null]
8 verbose parsed url { protocol: null,
8 verbose parsed url   slashes: null,
8 verbose parsed url   auth: null,
8 verbose parsed url   host: null,
8 verbose parsed url   port: null,
8 verbose parsed url   hostname: null,
8 verbose parsed url   hash: null,
8 verbose parsed url   search: null,
8 verbose parsed url   query: null,
8 verbose parsed url   pathname: '.',
8 verbose parsed url   path: '.',
8 verbose parsed url   href: '.' }
9 silly lockFile 3a52ce78- .
10 verbose lock . /home/schnie/.npm/3a52ce78-.lock
11 verbose tar pack [ '/home/schnie/tmp/npm-28317-yIokSG4w/1386877972023-0.32536452752538025/tmp.tgz',
11 verbose tar pack   '.' ]
12 verbose tarball /home/schnie/tmp/npm-28317-yIokSG4w/1386877972023-0.32536452752538025/tmp.tgz
13 verbose folder .
14 info prepublish di@0.0.0
15 silly lockFile 1f1177db-tar tar://.
16 verbose lock tar://. /home/schnie/.npm/1f1177db-tar.lock
17 silly lockFile 4d23372b-2023-0-32536452752538025-tmp-tgz tar:///home/schnie/tmp/npm-28317-yIokSG4w/1386877972023-0.32536452752538025/tmp.tgz
18 verbose lock tar:///home/schnie/tmp/npm-28317-yIokSG4w/1386877972023-0.32536452752538025/tmp.tgz /home/schnie/.npm/4d23372b-2023-0-32536452752538025-tmp-tgz.lock
19 silly lockFile 1f1177db-tar tar://.
20 silly lockFile 1f1177db-tar tar://.
21 silly lockFile 4d23372b-2023-0-32536452752538025-tmp-tgz tar:///home/schnie/tmp/npm-28317-yIokSG4w/1386877972023-0.32536452752538025/tmp.tgz
22 silly lockFile 4d23372b-2023-0-32536452752538025-tmp-tgz tar:///home/schnie/tmp/npm-28317-yIokSG4w/1386877972023-0.32536452752538025/tmp.tgz
23 verbose tar unpack /home/schnie/tmp/npm-28317-yIokSG4w/1386877972023-0.32536452752538025/tmp.tgz
24 silly lockFile ef3e55c9-2023-0-32536452752538025-package tar:///home/schnie/tmp/npm-28317-yIokSG4w/1386877972023-0.32536452752538025/package
25 verbose lock tar:///home/schnie/tmp/npm-28317-yIokSG4w/1386877972023-0.32536452752538025/package /home/schnie/.npm/ef3e55c9-2023-0-32536452752538025-package.lock
26 silly lockFile 4d23372b-2023-0-32536452752538025-tmp-tgz tar:///home/schnie/tmp/npm-28317-yIokSG4w/1386877972023-0.32536452752538025/tmp.tgz
27 verbose lock tar:///home/schnie/tmp/npm-28317-yIokSG4w/1386877972023-0.32536452752538025/tmp.tgz /home/schnie/.npm/4d23372b-2023-0-32536452752538025-tmp-tgz.lock
28 silly gunzTarPerm modes [ '755', '644' ]
29 silly gunzTarPerm extractEntry package.json
30 silly gunzTarPerm modified mode [ 'package.json', 436, 420 ]
31 silly gunzTarPerm extractEntry bin/di
32 silly gunzTarPerm modified mode [ 'bin/di', 436, 420 ]
33 silly gunzTarPerm extractEntry di.sublime-project
34 silly gunzTarPerm modified mode [ 'di.sublime-project', 436, 420 ]
35 silly gunzTarPerm extractEntry di.sublime-workspace
36 silly gunzTarPerm modified mode [ 'di.sublime-workspace', 436, 420 ]
37 silly gunzTarPerm extractEntry lib/git.js
38 silly gunzTarPerm modified mode [ 'lib/git.js', 436, 420 ]
39 silly gunzTarPerm extractEntry lib/index.js
40 silly gunzTarPerm modified mode [ 'lib/index.js', 436, 420 ]
41 silly gunzTarPerm extractEntry merp/.npmignore
42 silly gunzTarPerm modified mode [ 'merp/.npmignore', 436, 420 ]
43 silly gunzTarPerm extractEntry merp/README.md
44 silly gunzTarPerm modified mode [ 'merp/README.md', 436, 420 ]
45 silly gunzTarPerm extractEntry merp/.meteor/.npmignore
46 silly gunzTarPerm modified mode [ 'merp/.meteor/.npmignore', 436, 420 ]
47 silly gunzTarPerm extractEntry merp/.meteor/packages
48 silly gunzTarPerm modified mode [ 'merp/.meteor/packages', 436, 420 ]
49 silly gunzTarPerm extractEntry merp/.meteor/release
50 silly gunzTarPerm modified mode [ 'merp/.meteor/release', 436, 420 ]
51 silly gunzTarPerm extractEntry merp/client/accounts/accounts.coffee
52 silly gunzTarPerm modified mode [ 'merp/client/accounts/accounts.coffee', 436, 420 ]
53 silly gunzTarPerm extractEntry merp/client/compatibility/bootstrap.js
54 silly gunzTarPerm modified mode [ 'merp/client/compatibility/bootstrap.js', 509, 493 ]
55 silly gunzTarPerm extractEntry merp/client/router/config.coffee
56 silly gunzTarPerm modified mode [ 'merp/client/router/config.coffee', 436, 420 ]
57 silly gunzTarPerm extractEntry merp/client/stylesheets/global.less
58 silly gunzTarPerm modified mode [ 'merp/client/stylesheets/global.less', 436, 420 ]
59 silly gunzTarPerm extractEntry merp/client/stylesheets/lib/bootstrap.css
60 silly gunzTarPerm modified mode [ 'merp/client/stylesheets/lib/bootstrap.css', 509, 493 ]
61 silly gunzTarPerm extractEntry merp/client/stylesheets/lib/font-awesome.css
62 silly gunzTarPerm modified mode [ 'merp/client/stylesheets/lib/font-awesome.css', 436, 420 ]
63 silly gunzTarPerm extractEntry merp/client/stylesheets/mixins.less
64 silly gunzTarPerm modified mode [ 'merp/client/stylesheets/mixins.less', 436, 420 ]
65 silly gunzTarPerm extractEntry merp/client/stylesheets/variables.less
66 silly gunzTarPerm modified mode [ 'merp/client/stylesheets/variables.less', 436, 420 ]
67 silly gunzTarPerm extractEntry merp/client/views/404.html
68 silly gunzTarPerm modified mode [ 'merp/client/views/404.html', 436, 420 ]
69 silly gunzTarPerm extractEntry merp/client/views/dashboard/dashboard.html
70 silly gunzTarPerm modified mode [ 'merp/client/views/dashboard/dashboard.html', 436, 420 ]
71 silly gunzTarPerm extractEntry merp/client/views/dashboard/dashboard.less
72 silly gunzTarPerm modified mode [ 'merp/client/views/dashboard/dashboard.less', 436, 420 ]
73 silly gunzTarPerm extractEntry merp/client/views/footer.html
74 silly gunzTarPerm modified mode [ 'merp/client/views/footer.html', 436, 420 ]
75 silly gunzTarPerm extractEntry merp/client/views/header.html
76 silly gunzTarPerm modified mode [ 'merp/client/views/header.html', 436, 420 ]
77 silly gunzTarPerm extractEntry merp/client/views/home/home.html
78 silly gunzTarPerm modified mode [ 'merp/client/views/home/home.html', 436, 420 ]
79 silly gunzTarPerm extractEntry merp/client/views/home/home.less
80 silly gunzTarPerm modified mode [ 'merp/client/views/home/home.less', 436, 420 ]
81 silly gunzTarPerm extractEntry merp/client/views/index.html
82 silly gunzTarPerm modified mode [ 'merp/client/views/index.html', 436, 420 ]
83 silly gunzTarPerm extractEntry merp/client/views/loading.html
84 silly gunzTarPerm modified mode [ 'merp/client/views/loading.html', 436, 420 ]
85 silly gunzTarPerm extractEntry merp/collections/collections.coffee
86 silly gunzTarPerm modified mode [ 'merp/collections/collections.coffee', 436, 420 ]
87 silly gunzTarPerm extractEntry merp/meteor-boilerplate/.npmignore
88 silly gunzTarPerm modified mode [ 'merp/meteor-boilerplate/.npmignore', 436, 420 ]
89 silly gunzTarPerm extractEntry merp/meteor-boilerplate/README.md
90 silly gunzTarPerm modified mode [ 'merp/meteor-boilerplate/README.md', 436, 420 ]
91 silly gunzTarPerm extractEntry merp/meteor-boilerplate/.meteor/.npmignore
92 silly gunzTarPerm modified mode [ 'merp/meteor-boilerplate/.meteor/.npmignore', 436, 420 ]
93 silly gunzTarPerm extractEntry merp/meteor-boilerplate/.meteor/packages
94 silly gunzTarPerm modified mode [ 'merp/meteor-boilerplate/.meteor/packages', 436, 420 ]
95 silly gunzTarPerm extractEntry merp/meteor-boilerplate/.meteor/release
96 silly gunzTarPerm modified mode [ 'merp/meteor-boilerplate/.meteor/release', 436, 420 ]
97 silly gunzTarPerm extractEntry merp/meteor-boilerplate/client/accounts/accounts.coffee
98 silly gunzTarPerm modified mode [ 'merp/meteor-boilerplate/client/accounts/accounts.coffee',
98 silly gunzTarPerm   436,
98 silly gunzTarPerm   420 ]
99 silly gunzTarPerm extractEntry merp/meteor-boilerplate/client/compatibility/bootstrap.js
100 silly gunzTarPerm modified mode [ 'merp/meteor-boilerplate/client/compatibility/bootstrap.js',
100 silly gunzTarPerm   509,
100 silly gunzTarPerm   493 ]
101 silly gunzTarPerm extractEntry merp/meteor-boilerplate/client/router/config.coffee
102 silly gunzTarPerm modified mode [ 'merp/meteor-boilerplate/client/router/config.coffee',
102 silly gunzTarPerm   436,
102 silly gunzTarPerm   420 ]
103 silly gunzTarPerm extractEntry merp/meteor-boilerplate/client/stylesheets/global.less
104 silly gunzTarPerm modified mode [ 'merp/meteor-boilerplate/client/stylesheets/global.less',
104 silly gunzTarPerm   436,
104 silly gunzTarPerm   420 ]
105 silly gunzTarPerm extractEntry merp/meteor-boilerplate/client/stylesheets/lib/bootstrap.css
106 silly gunzTarPerm modified mode [ 'merp/meteor-boilerplate/client/stylesheets/lib/bootstrap.css',
106 silly gunzTarPerm   509,
106 silly gunzTarPerm   493 ]
107 silly gunzTarPerm extractEntry merp/meteor-boilerplate/client/stylesheets/lib/font-awesome.css
108 silly gunzTarPerm modified mode [ 'merp/meteor-boilerplate/client/stylesheets/lib/font-awesome.css',
108 silly gunzTarPerm   436,
108 silly gunzTarPerm   420 ]
109 silly gunzTarPerm extractEntry merp/meteor-boilerplate/client/stylesheets/mixins.less
110 silly gunzTarPerm modified mode [ 'merp/meteor-boilerplate/client/stylesheets/mixins.less',
110 silly gunzTarPerm   436,
110 silly gunzTarPerm   420 ]
111 silly gunzTarPerm extractEntry merp/meteor-boilerplate/client/stylesheets/variables.less
112 silly gunzTarPerm modified mode [ 'merp/meteor-boilerplate/client/stylesheets/variables.less',
112 silly gunzTarPerm   436,
112 silly gunzTarPerm   420 ]
113 silly gunzTarPerm extractEntry merp/meteor-boilerplate/client/views/404.html
114 silly gunzTarPerm modified mode [ 'merp/meteor-boilerplate/client/views/404.html', 436, 420 ]
115 silly gunzTarPerm extractEntry merp/meteor-boilerplate/client/views/dashboard/dashboard.html
116 silly gunzTarPerm modified mode [ 'merp/meteor-boilerplate/client/views/dashboard/dashboard.html',
116 silly gunzTarPerm   436,
116 silly gunzTarPerm   420 ]
117 silly gunzTarPerm extractEntry merp/meteor-boilerplate/client/views/dashboard/dashboard.less
118 silly gunzTarPerm modified mode [ 'merp/meteor-boilerplate/client/views/dashboard/dashboard.less',
118 silly gunzTarPerm   436,
118 silly gunzTarPerm   420 ]
119 silly gunzTarPerm extractEntry merp/meteor-boilerplate/client/views/footer.html
120 silly gunzTarPerm modified mode [ 'merp/meteor-boilerplate/client/views/footer.html', 436, 420 ]
121 silly gunzTarPerm extractEntry merp/meteor-boilerplate/client/views/header.html
122 silly gunzTarPerm modified mode [ 'merp/meteor-boilerplate/client/views/header.html', 436, 420 ]
123 silly gunzTarPerm extractEntry merp/meteor-boilerplate/client/views/home/home.html
124 silly gunzTarPerm modified mode [ 'merp/meteor-boilerplate/client/views/home/home.html',
124 silly gunzTarPerm   436,
124 silly gunzTarPerm   420 ]
125 silly gunzTarPerm extractEntry merp/meteor-boilerplate/client/views/home/home.less
126 silly gunzTarPerm modified mode [ 'merp/meteor-boilerplate/client/views/home/home.less',
126 silly gunzTarPerm   436,
126 silly gunzTarPerm   420 ]
127 silly gunzTarPerm extractEntry merp/meteor-boilerplate/client/views/index.html
128 silly gunzTarPerm modified mode [ 'merp/meteor-boilerplate/client/views/index.html', 436, 420 ]
129 silly gunzTarPerm extractEntry merp/meteor-boilerplate/client/views/loading.html
130 silly gunzTarPerm modified mode [ 'merp/meteor-boilerplate/client/views/loading.html', 436, 420 ]
131 silly gunzTarPerm extractEntry merp/meteor-boilerplate/collections/collections.coffee
132 silly gunzTarPerm modified mode [ 'merp/meteor-boilerplate/collections/collections.coffee',
132 silly gunzTarPerm   436,
132 silly gunzTarPerm   420 ]
133 silly gunzTarPerm extractEntry merp/meteor-boilerplate/packages/.npmignore
134 silly gunzTarPerm modified mode [ 'merp/meteor-boilerplate/packages/.npmignore', 436, 420 ]
135 silly gunzTarPerm extractEntry merp/meteor-boilerplate/public/favicon.ico
136 silly gunzTarPerm modified mode [ 'merp/meteor-boilerplate/public/favicon.ico', 436, 420 ]
137 silly gunzTarPerm extractEntry merp/meteor-boilerplate/public/fonts/FontAwesome.otf
138 silly gunzTarPerm modified mode [ 'merp/meteor-boilerplate/public/fonts/FontAwesome.otf',
138 silly gunzTarPerm   436,
138 silly gunzTarPerm   420 ]
139 silly gunzTarPerm extractEntry merp/meteor-boilerplate/public/fonts/fontawesome-webfont.eot
140 silly gunzTarPerm modified mode [ 'merp/meteor-boilerplate/public/fonts/fontawesome-webfont.eot',
140 silly gunzTarPerm   509,
140 silly gunzTarPerm   493 ]
141 silly gunzTarPerm extractEntry merp/meteor-boilerplate/public/fonts/fontawesome-webfont.svg
142 silly gunzTarPerm modified mode [ 'merp/meteor-boilerplate/public/fonts/fontawesome-webfont.svg',
142 silly gunzTarPerm   509,
142 silly gunzTarPerm   493 ]
143 silly gunzTarPerm extractEntry merp/meteor-boilerplate/public/fonts/fontawesome-webfont.ttf
144 silly gunzTarPerm modified mode [ 'merp/meteor-boilerplate/public/fonts/fontawesome-webfont.ttf',
144 silly gunzTarPerm   509,
144 silly gunzTarPerm   493 ]
145 silly gunzTarPerm extractEntry merp/meteor-boilerplate/public/fonts/fontawesome-webfont.woff
146 silly gunzTarPerm modified mode [ 'merp/meteor-boilerplate/public/fonts/fontawesome-webfont.woff',
146 silly gunzTarPerm   509,
146 silly gunzTarPerm   493 ]
147 silly gunzTarPerm extractEntry merp/meteor-boilerplate/server/publications.coffee
148 silly gunzTarPerm modified mode [ 'merp/meteor-boilerplate/server/publications.coffee',
148 silly gunzTarPerm   436,
148 silly gunzTarPerm   420 ]
149 silly gunzTarPerm extractEntry merp/meteor-boilerplate/smart.json
150 silly gunzTarPerm modified mode [ 'merp/meteor-boilerplate/smart.json', 436, 420 ]
151 silly gunzTarPerm extractEntry merp/packages/.npmignore
152 silly gunzTarPerm modified mode [ 'merp/packages/.npmignore', 436, 420 ]
153 silly gunzTarPerm extractEntry merp/public/favicon.ico
154 silly gunzTarPerm modified mode [ 'merp/public/favicon.ico', 436, 420 ]
155 silly gunzTarPerm extractEntry merp/public/fonts/FontAwesome.otf
156 silly gunzTarPerm modified mode [ 'merp/public/fonts/FontAwesome.otf', 436, 420 ]
157 silly gunzTarPerm extractEntry merp/public/fonts/fontawesome-webfont.eot
158 silly gunzTarPerm modified mode [ 'merp/public/fonts/fontawesome-webfont.eot', 509, 493 ]
159 silly gunzTarPerm extractEntry merp/public/fonts/fontawesome-webfont.svg
160 silly gunzTarPerm modified mode [ 'merp/public/fonts/fontawesome-webfont.svg', 509, 493 ]
161 silly gunzTarPerm extractEntry merp/public/fonts/fontawesome-webfont.ttf
162 silly gunzTarPerm modified mode [ 'merp/public/fonts/fontawesome-webfont.ttf', 509, 493 ]
163 silly gunzTarPerm extractEntry merp/public/fonts/fontawesome-webfont.woff
164 silly gunzTarPerm modified mode [ 'merp/public/fonts/fontawesome-webfont.woff', 509, 493 ]
165 silly gunzTarPerm extractEntry merp/server/publications.coffee
166 silly gunzTarPerm modified mode [ 'merp/server/publications.coffee', 436, 420 ]
167 silly gunzTarPerm extractEntry merp/smart.json
168 silly gunzTarPerm modified mode [ 'merp/smart.json', 436, 420 ]
169 silly gunzTarPerm extractEntry meteor-boilerplate/.npmignore
170 silly gunzTarPerm modified mode [ 'meteor-boilerplate/.npmignore', 436, 420 ]
171 silly gunzTarPerm extractEntry meteor-boilerplate/README.md
172 silly gunzTarPerm modified mode [ 'meteor-boilerplate/README.md', 436, 420 ]
173 silly gunzTarPerm extractEntry meteor-boilerplate/.meteor/.npmignore
174 silly gunzTarPerm modified mode [ 'meteor-boilerplate/.meteor/.npmignore', 436, 420 ]
175 silly gunzTarPerm extractEntry meteor-boilerplate/.meteor/packages
176 silly gunzTarPerm modified mode [ 'meteor-boilerplate/.meteor/packages', 436, 420 ]
177 silly gunzTarPerm extractEntry meteor-boilerplate/.meteor/release
178 silly gunzTarPerm modified mode [ 'meteor-boilerplate/.meteor/release', 436, 420 ]
179 silly gunzTarPerm extractEntry meteor-boilerplate/client/accounts/accounts.coffee
180 silly gunzTarPerm modified mode [ 'meteor-boilerplate/client/accounts/accounts.coffee',
180 silly gunzTarPerm   436,
180 silly gunzTarPerm   420 ]
181 silly gunzTarPerm extractEntry meteor-boilerplate/client/compatibility/bootstrap.js
182 silly gunzTarPerm modified mode [ 'meteor-boilerplate/client/compatibility/bootstrap.js',
182 silly gunzTarPerm   509,
182 silly gunzTarPerm   493 ]
183 silly gunzTarPerm extractEntry meteor-boilerplate/client/router/config.coffee
184 silly gunzTarPerm modified mode [ 'meteor-boilerplate/client/router/config.coffee', 436, 420 ]
185 silly gunzTarPerm extractEntry meteor-boilerplate/client/stylesheets/global.less
186 silly gunzTarPerm modified mode [ 'meteor-boilerplate/client/stylesheets/global.less', 436, 420 ]
187 silly gunzTarPerm extractEntry meteor-boilerplate/client/stylesheets/lib/bootstrap.css
188 silly gunzTarPerm modified mode [ 'meteor-boilerplate/client/stylesheets/lib/bootstrap.css',
188 silly gunzTarPerm   509,
188 silly gunzTarPerm   493 ]
189 silly gunzTarPerm extractEntry meteor-boilerplate/client/stylesheets/lib/font-awesome.css
190 silly gunzTarPerm modified mode [ 'meteor-boilerplate/client/stylesheets/lib/font-awesome.css',
190 silly gunzTarPerm   436,
190 silly gunzTarPerm   420 ]
191 silly gunzTarPerm extractEntry meteor-boilerplate/client/stylesheets/mixins.less
192 silly gunzTarPerm modified mode [ 'meteor-boilerplate/client/stylesheets/mixins.less', 436, 420 ]
193 silly gunzTarPerm extractEntry meteor-boilerplate/client/stylesheets/variables.less
194 silly gunzTarPerm modified mode [ 'meteor-boilerplate/client/stylesheets/variables.less',
194 silly gunzTarPerm   436,
194 silly gunzTarPerm   420 ]
195 silly gunzTarPerm extractEntry meteor-boilerplate/client/views/404.html
196 silly gunzTarPerm modified mode [ 'meteor-boilerplate/client/views/404.html', 436, 420 ]
197 silly gunzTarPerm extractEntry meteor-boilerplate/client/views/dashboard/dashboard.html
198 silly gunzTarPerm modified mode [ 'meteor-boilerplate/client/views/dashboard/dashboard.html',
198 silly gunzTarPerm   436,
198 silly gunzTarPerm   420 ]
199 silly gunzTarPerm extractEntry meteor-boilerplate/client/views/dashboard/dashboard.less
200 silly gunzTarPerm modified mode [ 'meteor-boilerplate/client/views/dashboard/dashboard.less',
200 silly gunzTarPerm   436,
200 silly gunzTarPerm   420 ]
201 silly gunzTarPerm extractEntry meteor-boilerplate/client/views/footer.html
202 silly gunzTarPerm modified mode [ 'meteor-boilerplate/client/views/footer.html', 436, 420 ]
203 silly gunzTarPerm extractEntry meteor-boilerplate/client/views/header.html
204 silly gunzTarPerm modified mode [ 'meteor-boilerplate/client/views/header.html', 436, 420 ]
205 silly gunzTarPerm extractEntry meteor-boilerplate/client/views/home/home.html
206 silly gunzTarPerm modified mode [ 'meteor-boilerplate/client/views/home/home.html', 436, 420 ]
207 silly gunzTarPerm extractEntry meteor-boilerplate/client/views/home/home.less
208 silly gunzTarPerm modified mode [ 'meteor-boilerplate/client/views/home/home.less', 436, 420 ]
209 silly gunzTarPerm extractEntry meteor-boilerplate/client/views/index.html
210 silly gunzTarPerm modified mode [ 'meteor-boilerplate/client/views/index.html', 436, 420 ]
211 silly gunzTarPerm extractEntry meteor-boilerplate/client/views/loading.html
212 silly gunzTarPerm modified mode [ 'meteor-boilerplate/client/views/loading.html', 436, 420 ]
213 silly gunzTarPerm extractEntry meteor-boilerplate/collections/collections.coffee
214 silly gunzTarPerm modified mode [ 'meteor-boilerplate/collections/collections.coffee', 436, 420 ]
215 silly gunzTarPerm extractEntry meteor-boilerplate/packages/.npmignore
216 silly gunzTarPerm modified mode [ 'meteor-boilerplate/packages/.npmignore', 436, 420 ]
217 silly gunzTarPerm extractEntry meteor-boilerplate/public/favicon.ico
218 silly gunzTarPerm modified mode [ 'meteor-boilerplate/public/favicon.ico', 436, 420 ]
219 silly gunzTarPerm extractEntry meteor-boilerplate/public/fonts/FontAwesome.otf
220 silly gunzTarPerm modified mode [ 'meteor-boilerplate/public/fonts/FontAwesome.otf', 436, 420 ]
221 silly gunzTarPerm extractEntry meteor-boilerplate/public/fonts/fontawesome-webfont.eot
222 silly gunzTarPerm modified mode [ 'meteor-boilerplate/public/fonts/fontawesome-webfont.eot',
222 silly gunzTarPerm   509,
222 silly gunzTarPerm   493 ]
223 silly gunzTarPerm extractEntry meteor-boilerplate/public/fonts/fontawesome-webfont.svg
224 silly gunzTarPerm modified mode [ 'meteor-boilerplate/public/fonts/fontawesome-webfont.svg',
224 silly gunzTarPerm   509,
224 silly gunzTarPerm   493 ]
225 silly gunzTarPerm extractEntry meteor-boilerplate/public/fonts/fontawesome-webfont.ttf
226 silly gunzTarPerm modified mode [ 'meteor-boilerplate/public/fonts/fontawesome-webfont.ttf',
226 silly gunzTarPerm   509,
226 silly gunzTarPerm   493 ]
227 silly gunzTarPerm extractEntry meteor-boilerplate/public/fonts/fontawesome-webfont.woff
228 silly gunzTarPerm modified mode [ 'meteor-boilerplate/public/fonts/fontawesome-webfont.woff',
228 silly gunzTarPerm   509,
228 silly gunzTarPerm   493 ]
229 silly gunzTarPerm extractEntry meteor-boilerplate/server/publications.coffee
230 silly gunzTarPerm modified mode [ 'meteor-boilerplate/server/publications.coffee', 436, 420 ]
231 silly gunzTarPerm extractEntry meteor-boilerplate/smart.json
232 silly gunzTarPerm modified mode [ 'meteor-boilerplate/smart.json', 436, 420 ]
233 silly lockFile ef3e55c9-2023-0-32536452752538025-package tar:///home/schnie/tmp/npm-28317-yIokSG4w/1386877972023-0.32536452752538025/package
234 silly lockFile ef3e55c9-2023-0-32536452752538025-package tar:///home/schnie/tmp/npm-28317-yIokSG4w/1386877972023-0.32536452752538025/package
235 silly lockFile 4d23372b-2023-0-32536452752538025-tmp-tgz tar:///home/schnie/tmp/npm-28317-yIokSG4w/1386877972023-0.32536452752538025/tmp.tgz
236 silly lockFile 4d23372b-2023-0-32536452752538025-tmp-tgz tar:///home/schnie/tmp/npm-28317-yIokSG4w/1386877972023-0.32536452752538025/tmp.tgz
237 verbose tar pack [ '/home/schnie/.npm/di/0.0.0/package.tgz',
237 verbose tar pack   '/home/schnie/tmp/npm-28317-yIokSG4w/1386877972023-0.32536452752538025/package' ]
238 verbose tarball /home/schnie/.npm/di/0.0.0/package.tgz
239 verbose folder /home/schnie/tmp/npm-28317-yIokSG4w/1386877972023-0.32536452752538025/package
240 silly lockFile ef3e55c9-2023-0-32536452752538025-package tar:///home/schnie/tmp/npm-28317-yIokSG4w/1386877972023-0.32536452752538025/package
241 verbose lock tar:///home/schnie/tmp/npm-28317-yIokSG4w/1386877972023-0.32536452752538025/package /home/schnie/.npm/ef3e55c9-2023-0-32536452752538025-package.lock
242 silly lockFile de48604c--schnie-npm-di-0-0-0-package-tgz tar:///home/schnie/.npm/di/0.0.0/package.tgz
243 verbose lock tar:///home/schnie/.npm/di/0.0.0/package.tgz /home/schnie/.npm/de48604c--schnie-npm-di-0-0-0-package-tgz.lock
244 silly lockFile ef3e55c9-2023-0-32536452752538025-package tar:///home/schnie/tmp/npm-28317-yIokSG4w/1386877972023-0.32536452752538025/package
245 silly lockFile ef3e55c9-2023-0-32536452752538025-package tar:///home/schnie/tmp/npm-28317-yIokSG4w/1386877972023-0.32536452752538025/package
246 silly lockFile de48604c--schnie-npm-di-0-0-0-package-tgz tar:///home/schnie/.npm/di/0.0.0/package.tgz
247 silly lockFile de48604c--schnie-npm-di-0-0-0-package-tgz tar:///home/schnie/.npm/di/0.0.0/package.tgz
248 silly lockFile 0b2ed14e-home-schnie-npm-di-0-0-0-package /home/schnie/.npm/di/0.0.0/package
249 verbose lock /home/schnie/.npm/di/0.0.0/package /home/schnie/.npm/0b2ed14e-home-schnie-npm-di-0-0-0-package.lock
250 silly lockFile 0b2ed14e-home-schnie-npm-di-0-0-0-package /home/schnie/.npm/di/0.0.0/package
251 silly lockFile 0b2ed14e-home-schnie-npm-di-0-0-0-package /home/schnie/.npm/di/0.0.0/package
252 verbose tar unpack /home/schnie/.npm/di/0.0.0/package.tgz
253 silly lockFile 71fc3b43-home-schnie-npm-di-0-0-0-package tar:///home/schnie/.npm/di/0.0.0/package
254 verbose lock tar:///home/schnie/.npm/di/0.0.0/package /home/schnie/.npm/71fc3b43-home-schnie-npm-di-0-0-0-package.lock
255 silly lockFile de48604c--schnie-npm-di-0-0-0-package-tgz tar:///home/schnie/.npm/di/0.0.0/package.tgz
256 verbose lock tar:///home/schnie/.npm/di/0.0.0/package.tgz /home/schnie/.npm/de48604c--schnie-npm-di-0-0-0-package-tgz.lock
257 silly gunzTarPerm modes [ '755', '644' ]
258 silly gunzTarPerm extractEntry package.json
259 silly gunzTarPerm extractEntry bin/di
260 silly gunzTarPerm extractEntry di.sublime-project
261 silly gunzTarPerm extractEntry di.sublime-workspace
262 silly gunzTarPerm extractEntry lib/git.js
263 silly gunzTarPerm extractEntry lib/index.js
264 silly gunzTarPerm extractEntry merp/.npmignore
265 silly gunzTarPerm extractEntry merp/README.md
266 silly gunzTarPerm extractEntry merp/.meteor/.npmignore
267 silly gunzTarPerm extractEntry merp/.meteor/packages
268 silly gunzTarPerm extractEntry merp/.meteor/release
269 silly gunzTarPerm extractEntry merp/client/accounts/accounts.coffee
270 silly gunzTarPerm extractEntry merp/client/compatibility/bootstrap.js
271 silly gunzTarPerm extractEntry merp/client/router/config.coffee
272 silly gunzTarPerm extractEntry merp/client/stylesheets/global.less
273 silly gunzTarPerm extractEntry merp/client/stylesheets/lib/bootstrap.css
274 silly gunzTarPerm extractEntry merp/client/stylesheets/lib/font-awesome.css
275 silly gunzTarPerm extractEntry merp/client/stylesheets/mixins.less
276 silly gunzTarPerm extractEntry merp/client/stylesheets/variables.less
277 silly gunzTarPerm extractEntry merp/client/views/404.html
278 silly gunzTarPerm extractEntry merp/client/views/dashboard/dashboard.html
279 silly gunzTarPerm extractEntry merp/client/views/dashboard/dashboard.less
280 silly gunzTarPerm extractEntry merp/client/views/footer.html
281 silly gunzTarPerm extractEntry merp/client/views/header.html
282 silly gunzTarPerm extractEntry merp/client/views/home/home.html
283 silly gunzTarPerm extractEntry merp/client/views/home/home.less
284 silly gunzTarPerm extractEntry merp/client/views/index.html
285 silly gunzTarPerm extractEntry merp/client/views/loading.html
286 silly gunzTarPerm extractEntry merp/collections/collections.coffee
287 silly gunzTarPerm extractEntry merp/meteor-boilerplate/.npmignore
288 silly gunzTarPerm extractEntry merp/meteor-boilerplate/README.md
289 silly gunzTarPerm extractEntry merp/meteor-boilerplate/.meteor/.npmignore
290 silly gunzTarPerm extractEntry merp/meteor-boilerplate/.meteor/packages
291 silly gunzTarPerm extractEntry merp/meteor-boilerplate/.meteor/release
292 silly gunzTarPerm extractEntry merp/meteor-boilerplate/client/accounts/accounts.coffee
293 silly gunzTarPerm extractEntry merp/meteor-boilerplate/client/compatibility/bootstrap.js
294 silly gunzTarPerm extractEntry merp/meteor-boilerplate/client/router/config.coffee
295 silly gunzTarPerm extractEntry merp/meteor-boilerplate/client/stylesheets/global.less
296 silly gunzTarPerm extractEntry merp/meteor-boilerplate/client/stylesheets/lib/bootstrap.css
297 silly gunzTarPerm extractEntry merp/meteor-boilerplate/client/stylesheets/lib/font-awesome.css
298 silly gunzTarPerm extractEntry merp/meteor-boilerplate/client/stylesheets/mixins.less
299 silly gunzTarPerm extractEntry merp/meteor-boilerplate/client/stylesheets/variables.less
300 silly gunzTarPerm extractEntry merp/meteor-boilerplate/client/views/404.html
301 silly gunzTarPerm extractEntry merp/meteor-boilerplate/client/views/dashboard/dashboard.html
302 silly gunzTarPerm extractEntry merp/meteor-boilerplate/client/views/dashboard/dashboard.less
303 silly gunzTarPerm extractEntry merp/meteor-boilerplate/client/views/footer.html
304 silly gunzTarPerm extractEntry merp/meteor-boilerplate/client/views/header.html
305 silly gunzTarPerm extractEntry merp/meteor-boilerplate/client/views/home/home.html
306 silly gunzTarPerm extractEntry merp/meteor-boilerplate/client/views/home/home.less
307 silly gunzTarPerm extractEntry merp/meteor-boilerplate/client/views/index.html
308 silly gunzTarPerm extractEntry merp/meteor-boilerplate/client/views/loading.html
309 silly gunzTarPerm extractEntry merp/meteor-boilerplate/collections/collections.coffee
310 silly gunzTarPerm extractEntry merp/meteor-boilerplate/packages/.npmignore
311 silly gunzTarPerm extractEntry merp/meteor-boilerplate/public/favicon.ico
312 silly gunzTarPerm extractEntry merp/meteor-boilerplate/public/fonts/FontAwesome.otf
313 silly gunzTarPerm extractEntry merp/meteor-boilerplate/public/fonts/fontawesome-webfont.eot
314 silly gunzTarPerm extractEntry merp/meteor-boilerplate/public/fonts/fontawesome-webfont.svg
315 silly gunzTarPerm extractEntry merp/meteor-boilerplate/public/fonts/fontawesome-webfont.ttf
316 silly gunzTarPerm extractEntry merp/meteor-boilerplate/public/fonts/fontawesome-webfont.woff
317 silly gunzTarPerm extractEntry merp/meteor-boilerplate/server/publications.coffee
318 silly gunzTarPerm extractEntry merp/meteor-boilerplate/smart.json
319 silly gunzTarPerm extractEntry merp/packages/.npmignore
320 silly gunzTarPerm extractEntry merp/public/favicon.ico
321 silly gunzTarPerm extractEntry merp/public/fonts/FontAwesome.otf
322 silly gunzTarPerm extractEntry merp/public/fonts/fontawesome-webfont.eot
323 silly gunzTarPerm extractEntry merp/public/fonts/fontawesome-webfont.svg
324 silly gunzTarPerm extractEntry merp/public/fonts/fontawesome-webfont.ttf
325 silly gunzTarPerm extractEntry merp/public/fonts/fontawesome-webfont.woff
326 silly gunzTarPerm extractEntry merp/server/publications.coffee
327 silly gunzTarPerm extractEntry merp/smart.json
328 silly gunzTarPerm extractEntry meteor-boilerplate/.npmignore
329 silly gunzTarPerm extractEntry meteor-boilerplate/README.md
330 silly gunzTarPerm extractEntry meteor-boilerplate/.meteor/.npmignore
331 silly gunzTarPerm extractEntry meteor-boilerplate/.meteor/packages
332 silly gunzTarPerm extractEntry meteor-boilerplate/.meteor/release
333 silly gunzTarPerm extractEntry meteor-boilerplate/client/accounts/accounts.coffee
334 silly gunzTarPerm extractEntry meteor-boilerplate/client/compatibility/bootstrap.js
335 silly gunzTarPerm extractEntry meteor-boilerplate/client/router/config.coffee
336 silly gunzTarPerm extractEntry meteor-boilerplate/client/stylesheets/global.less
337 silly gunzTarPerm extractEntry meteor-boilerplate/client/stylesheets/lib/bootstrap.css
338 silly gunzTarPerm extractEntry meteor-boilerplate/client/stylesheets/lib/font-awesome.css
339 silly gunzTarPerm extractEntry meteor-boilerplate/client/stylesheets/mixins.less
340 silly gunzTarPerm extractEntry meteor-boilerplate/client/stylesheets/variables.less
341 silly gunzTarPerm extractEntry meteor-boilerplate/client/views/404.html
342 silly gunzTarPerm extractEntry meteor-boilerplate/client/views/dashboard/dashboard.html
343 silly gunzTarPerm extractEntry meteor-boilerplate/client/views/dashboard/dashboard.less
344 silly gunzTarPerm extractEntry meteor-boilerplate/client/views/footer.html
345 silly gunzTarPerm extractEntry meteor-boilerplate/client/views/header.html
346 silly gunzTarPerm extractEntry meteor-boilerplate/client/views/home/home.html
347 silly gunzTarPerm extractEntry meteor-boilerplate/client/views/home/home.less
348 silly gunzTarPerm extractEntry meteor-boilerplate/client/views/index.html
349 silly gunzTarPerm extractEntry meteor-boilerplate/client/views/loading.html
350 silly gunzTarPerm extractEntry meteor-boilerplate/collections/collections.coffee
351 silly gunzTarPerm extractEntry meteor-boilerplate/packages/.npmignore
352 silly gunzTarPerm extractEntry meteor-boilerplate/public/favicon.ico
353 silly gunzTarPerm extractEntry meteor-boilerplate/public/fonts/FontAwesome.otf
354 silly gunzTarPerm extractEntry meteor-boilerplate/public/fonts/fontawesome-webfont.eot
355 silly gunzTarPerm extractEntry meteor-boilerplate/public/fonts/fontawesome-webfont.svg
356 silly gunzTarPerm extractEntry meteor-boilerplate/public/fonts/fontawesome-webfont.ttf
357 silly gunzTarPerm extractEntry meteor-boilerplate/public/fonts/fontawesome-webfont.woff
358 silly gunzTarPerm extractEntry meteor-boilerplate/server/publications.coffee
359 silly gunzTarPerm extractEntry meteor-boilerplate/smart.json
360 silly lockFile 71fc3b43-home-schnie-npm-di-0-0-0-package tar:///home/schnie/.npm/di/0.0.0/package
361 silly lockFile 71fc3b43-home-schnie-npm-di-0-0-0-package tar:///home/schnie/.npm/di/0.0.0/package
362 silly lockFile de48604c--schnie-npm-di-0-0-0-package-tgz tar:///home/schnie/.npm/di/0.0.0/package.tgz
363 silly lockFile de48604c--schnie-npm-di-0-0-0-package-tgz tar:///home/schnie/.npm/di/0.0.0/package.tgz
364 verbose chmod /home/schnie/.npm/di/0.0.0/package.tgz 644
365 verbose chown /home/schnie/.npm/di/0.0.0/package.tgz [ 1000, 1000 ]
366 silly lockFile 3a52ce78- .
367 silly lockFile 3a52ce78- .
368 silly publish { name: 'di',
368 silly publish   version: '0.0.0',
368 silly publish   description: 'Differential CLI',
368 silly publish   main: 'index.js',
368 silly publish   scripts: { test: 'echo "Error: no test specified" && exit 1' },
368 silly publish   repository: { type: 'git', url: 'https://github.com/schnie/di.git' },
368 silly publish   author: { name: 'schnie' },
368 silly publish   license: 'BSD-2-Clause',
368 silly publish   bugs: { url: 'https://github.com/schnie/di/issues' },
368 silly publish   homepage: 'https://github.com/schnie/di',
368 silly publish   dependencies: { q: '0.9.7' },
368 silly publish   readme: 'ERROR: No README data found!',
368 silly publish   _id: 'di@0.0.0',
368 silly publish   dist: { shasum: '54e2f239086b7694cd37d6f51aee12ee0d73a183' },
368 silly publish   _from: '.' }
369 error need auth auth and email required for publishing
369 error need auth You need to authorize this machine using `npm adduser`
370 error System Linux 3.8.11
371 error command "/usr/bin/node" "/usr/bin/npm" "publish"
372 error cwd /home/schnie/repos/di-node
373 error node -v v0.10.22
374 error npm -v 1.3.14
375 error code ENEEDAUTH
376 verbose exit [ 1, true ]
